<?xml version="1.0" encoding="UTF-8"?>
<testng-results ignored="0" total="11" passed="8" failed="3" skipped="0">
  <reporter-output>
  </reporter-output>
  <suite started-at="2025-08-28T22:13:12 IST" name="Flentas Test Suite" finished-at="2025-08-28T22:15:12 IST" duration-ms="120310">
    <groups>
    </groups>
    <test started-at="2025-08-28T22:13:12 IST" name="Careers Test" finished-at="2025-08-28T22:13:50 IST" duration-ms="38153">
      <class name="com.flentas.tests.CareerPageTest">
        <test-method is-config="true" signature="setup()[pri:0, instance:com.flentas.tests.CareerPageTest@79c7532f]" started-at="2025-08-28T22:13:12 IST" name="setup" finished-at="2025-08-28T22:13:16 IST" duration-ms="4211" status="PASS">
          <reporter-output>
          </reporter-output>
        </test-method> <!-- setup -->
        <test-method signature="applyForQaLeadJob()[pri:1, instance:com.flentas.tests.CareerPageTest@79c7532f]" started-at="2025-08-28T22:13:16 IST" name="applyForQaLeadJob" finished-at="2025-08-28T22:13:50 IST" duration-ms="33512" status="PASS">
          <reporter-output>
          </reporter-output>
        </test-method> <!-- applyForQaLeadJob -->
        <test-method is-config="true" signature="tearDown()[pri:0, instance:com.flentas.tests.CareerPageTest@79c7532f]" started-at="2025-08-28T22:13:50 IST" name="tearDown" finished-at="2025-08-28T22:13:50 IST" duration-ms="295" status="PASS">
          <reporter-output>
          </reporter-output>
        </test-method> <!-- tearDown -->
      </class> <!-- com.flentas.tests.CareerPageTest -->
    </test> <!-- Careers Test -->
    <test started-at="2025-08-28T22:13:50 IST" name="Broken Links" finished-at="2025-08-28T22:14:00 IST" duration-ms="10161">
      <class name="com.flentas.tests.BrokenLinksTest">
        <test-method is-config="true" signature="setup()[pri:0, instance:com.flentas.tests.BrokenLinksTest@66565121]" started-at="2025-08-28T22:13:50 IST" name="setup" finished-at="2025-08-28T22:13:55 IST" duration-ms="4773" status="PASS">
          <reporter-output>
          </reporter-output>
        </test-method> <!-- setup -->
        <test-method signature="printAllLinksWithResponseCode()[pri:2, instance:com.flentas.tests.BrokenLinksTest@66565121]" started-at="2025-08-28T22:13:55 IST" name="printAllLinksWithResponseCode" finished-at="2025-08-28T22:14:00 IST" duration-ms="5146" status="PASS">
          <reporter-output>
          </reporter-output>
        </test-method> <!-- printAllLinksWithResponseCode -->
        <test-method is-config="true" signature="tearDown()[pri:0, instance:com.flentas.tests.BrokenLinksTest@66565121]" started-at="2025-08-28T22:14:00 IST" name="tearDown" finished-at="2025-08-28T22:14:00 IST" duration-ms="236" status="PASS">
          <reporter-output>
          </reporter-output>
        </test-method> <!-- tearDown -->
      </class> <!-- com.flentas.tests.BrokenLinksTest -->
    </test> <!-- Broken Links -->
    <test started-at="2025-08-28T22:14:00 IST" name="Blog Test" finished-at="2025-08-28T22:14:11 IST" duration-ms="10583">
      <class name="com.flentas.tests.FindBlogTest">
        <test-method is-config="true" signature="setup()[pri:0, instance:com.flentas.tests.FindBlogTest@35f26e72]" started-at="2025-08-28T22:14:00 IST" name="setup" finished-at="2025-08-28T22:14:03 IST" duration-ms="3039" status="PASS">
          <reporter-output>
          </reporter-output>
        </test-method> <!-- setup -->
        <test-method signature="findAndOpenBlog()[pri:3, instance:com.flentas.tests.FindBlogTest@35f26e72]" started-at="2025-08-28T22:14:03 IST" name="findAndOpenBlog" finished-at="2025-08-28T22:14:11 IST" duration-ms="7296" status="PASS">
          <reporter-output>
          </reporter-output>
        </test-method> <!-- findAndOpenBlog -->
        <test-method is-config="true" signature="tearDown()[pri:0, instance:com.flentas.tests.FindBlogTest@35f26e72]" started-at="2025-08-28T22:14:11 IST" name="tearDown" finished-at="2025-08-28T22:14:11 IST" duration-ms="244" status="PASS">
          <reporter-output>
          </reporter-output>
        </test-method> <!-- tearDown -->
      </class> <!-- com.flentas.tests.FindBlogTest -->
    </test> <!-- Blog Test -->
    <test started-at="2025-08-28T22:14:11 IST" name="Services Test" finished-at="2025-08-28T22:14:18 IST" duration-ms="7401">
      <class name="com.flentas.tests.CheckServicesTest">
        <test-method signature="validateAllServicesTitles()[pri:4, instance:com.flentas.tests.CheckServicesTest@6399551e]" started-at="2025-08-28T22:14:11 IST" name="validateAllServicesTitles" finished-at="2025-08-28T22:14:18 IST" duration-ms="7167" status="PASS">
          <reporter-output>
          </reporter-output>
        </test-method> <!-- validateAllServicesTitles -->
        <test-method is-config="true" signature="tearDown()[pri:0, instance:com.flentas.tests.CheckServicesTest@6399551e]" started-at="2025-08-28T22:14:18 IST" name="tearDown" finished-at="2025-08-28T22:14:18 IST" duration-ms="232" status="PASS">
          <reporter-output>
          </reporter-output>
        </test-method> <!-- tearDown -->
      </class> <!-- com.flentas.tests.CheckServicesTest -->
    </test> <!-- Services Test -->
    <test started-at="2025-08-28T22:14:18 IST" name="Contact Form Test" finished-at="2025-08-28T22:15:12 IST" duration-ms="53952">
      <class name="com.flentas.tests.ContactFormTest">
        <test-method is-config="true" signature="setup()[pri:0, instance:com.flentas.tests.ContactFormTest@37c7595]" started-at="2025-08-28T22:14:18 IST" name="setup" finished-at="2025-08-28T22:14:23 IST" duration-ms="5093" status="PASS">
          <reporter-output>
          </reporter-output>
        </test-method> <!-- setup -->
        <test-method signature="testNegativeFormValidation(java.lang.String,java.lang.String,java.lang.String,java.lang.String,java.lang.String)[pri:0, instance:com.flentas.tests.ContactFormTest@37c7595]" started-at="2025-08-28T22:14:23 IST" name="testNegativeFormValidation" data-provider="negativeContactData" finished-at="2025-08-28T22:14:30 IST" duration-ms="7164" status="PASS">
          <params>
            <param index="0">
              <value>
                <![CDATA[]]>
              </value>
            </param>
            <param index="1">
              <value>
                <![CDATA[invalid@]]>
              </value>
            </param>
            <param index="2">
              <value>
                <![CDATA[]]>
              </value>
            </param>
            <param index="3">
              <value>
                <![CDATA[000]]>
              </value>
            </param>
            <param index="4">
              <value>
                <![CDATA[]]>
              </value>
            </param>
          </params>
          <reporter-output>
          </reporter-output>
        </test-method> <!-- testNegativeFormValidation -->
        <test-method signature="testNegativeFormValidation(java.lang.String,java.lang.String,java.lang.String,java.lang.String,java.lang.String)[pri:0, instance:com.flentas.tests.ContactFormTest@37c7595]" started-at="2025-08-28T22:14:30 IST" name="testNegativeFormValidation" data-provider="negativeContactData" finished-at="2025-08-28T22:14:38 IST" duration-ms="7070" status="PASS">
          <params>
            <param index="0">
              <value>
                <![CDATA[]]>
              </value>
            </param>
            <param index="1">
              <value>
                <![CDATA[]]>
              </value>
            </param>
            <param index="2">
              <value>
                <![CDATA[]]>
              </value>
            </param>
            <param index="3">
              <value>
                <![CDATA[]]>
              </value>
            </param>
            <param index="4">
              <value>
                <![CDATA[]]>
              </value>
            </param>
          </params>
          <reporter-output>
          </reporter-output>
        </test-method> <!-- testNegativeFormValidation -->
        <test-method signature="testNegativeFormValidation(java.lang.String,java.lang.String,java.lang.String,java.lang.String,java.lang.String)[pri:0, instance:com.flentas.tests.ContactFormTest@37c7595]" started-at="2025-08-28T22:14:38 IST" name="testNegativeFormValidation" data-provider="negativeContactData" finished-at="2025-08-28T22:14:45 IST" duration-ms="7353" status="PASS">
          <params>
            <param index="0">
              <value>
                <![CDATA[Test]]>
              </value>
            </param>
            <param index="1">
              <value>
                <![CDATA[Test@]]>
              </value>
            </param>
            <param index="2">
              <value>
                <![CDATA[]]>
              </value>
            </param>
            <param index="3">
              <value>
                <![CDATA[Missing phone]]>
              </value>
            </param>
            <param index="4">
              <value>
                <![CDATA[]]>
              </value>
            </param>
          </params>
          <reporter-output>
          </reporter-output>
        </test-method> <!-- testNegativeFormValidation -->
        <test-method signature="testNegativeFormValidation(java.lang.String,java.lang.String,java.lang.String,java.lang.String,java.lang.String)[pri:0, instance:com.flentas.tests.ContactFormTest@37c7595]" started-at="2025-08-28T22:14:45 IST" name="testNegativeFormValidation" data-provider="negativeContactData" finished-at="2025-08-28T22:14:51 IST" duration-ms="6528" status="FAIL">
          <params>
            <param index="0">
              <value>
                <![CDATA[Invalid Email]]>
              </value>
            </param>
            <param index="1">
              <value>
                <![CDATA[invalid-email]]>
              </value>
            </param>
            <param index="2">
              <value>
                <![CDATA[Company]]>
              </value>
            </param>
            <param index="3">
              <value>
                <![CDATA[1234567890]]>
              </value>
            </param>
            <param index="4">
              <value>
                <![CDATA[Test]]>
              </value>
            </param>
          </params>
          <exception class="java.lang.AssertionError">
            <message>
              <![CDATA[Submit button should be disabled, but it was enabled. Test data: Invalid Email, invalid-email]]>
            </message>
            <full-stacktrace>
              <![CDATA[java.lang.AssertionError: Submit button should be disabled, but it was enabled. Test data: Invalid Email, invalid-email
at com.flentas.tests.ContactFormTest.testNegativeFormValidation(ContactFormTest.java:62)
at java.base/jdk.internal.reflect.DirectMethodHandleAccessor.invoke(DirectMethodHandleAccessor.java:103)
at java.base/java.lang.reflect.Method.invoke(Method.java:580)
at org.testng.internal.invokers.MethodInvocationHelper.invokeMethod(MethodInvocationHelper.java:141)
at org.testng.internal.invokers.TestInvoker.invokeMethod(TestInvoker.java:687)
at org.testng.internal.invokers.TestInvoker.invokeTestMethod(TestInvoker.java:230)
at org.testng.internal.invokers.MethodRunner.runInSequence(MethodRunner.java:63)
at org.testng.internal.invokers.TestInvoker$MethodInvocationAgent.invoke(TestInvoker.java:995)
at org.testng.internal.invokers.TestInvoker.invokeTestMethods(TestInvoker.java:203)
at org.testng.internal.invokers.TestMethodWorker.invokeTestMethods(TestMethodWorker.java:154)
at org.testng.internal.invokers.TestMethodWorker.run(TestMethodWorker.java:134)
at java.base/java.util.ArrayList.forEach(ArrayList.java:1597)
at org.testng.TestRunner.privateRun(TestRunner.java:741)
at org.testng.TestRunner.run(TestRunner.java:616)
at org.testng.SuiteRunner.runTest(SuiteRunner.java:421)
at org.testng.SuiteRunner.runSequentially(SuiteRunner.java:413)
at org.testng.SuiteRunner.privateRun(SuiteRunner.java:373)
at org.testng.SuiteRunner.run(SuiteRunner.java:312)
at org.testng.SuiteRunnerWorker.runSuite(SuiteRunnerWorker.java:52)
at org.testng.SuiteRunnerWorker.run(SuiteRunnerWorker.java:95)
at org.testng.TestNG.runSuitesSequentially(TestNG.java:1274)
at org.testng.TestNG.runSuitesLocally(TestNG.java:1208)
at org.testng.TestNG.runSuites(TestNG.java:1112)
at org.testng.TestNG.run(TestNG.java:1079)
at org.testng.remote.AbstractRemoteTestNG.run(AbstractRemoteTestNG.java:115)
at org.testng.remote.RemoteTestNG.initAndRun(RemoteTestNG.java:293)
at org.testng.remote.RemoteTestNG.main(RemoteTestNG.java:91)
]]>
            </full-stacktrace>
          </exception> <!-- java.lang.AssertionError -->
          <reporter-output>
          </reporter-output>
        </test-method> <!-- testNegativeFormValidation -->
        <test-method signature="testNegativeFormValidation(java.lang.String,java.lang.String,java.lang.String,java.lang.String,java.lang.String)[pri:0, instance:com.flentas.tests.ContactFormTest@37c7595]" started-at="2025-08-28T22:14:51 IST" name="testNegativeFormValidation" data-provider="negativeContactData" finished-at="2025-08-28T22:14:59 IST" duration-ms="7121" status="PASS">
          <params>
            <param index="0">
              <value>
                <![CDATA[Invalid Name]]>
              </value>
            </param>
            <param index="1">
              <value>
                <![CDATA[test@test.com]]>
              </value>
            </param>
            <param index="2">
              <value>
                <![CDATA[Company]]>
              </value>
            </param>
            <param index="3">
              <value>
                <![CDATA[abc]]>
              </value>
            </param>
            <param index="4">
              <value>
                <![CDATA[Test]]>
              </value>
            </param>
          </params>
          <reporter-output>
          </reporter-output>
        </test-method> <!-- testNegativeFormValidation -->
        <test-method signature="testPositiveFormSubmission(java.lang.String,java.lang.String,java.lang.String,java.lang.String,java.lang.String)[pri:5, instance:com.flentas.tests.ContactFormTest@37c7595]" started-at="2025-08-28T22:14:59 IST" name="testPositiveFormSubmission" data-provider="positiveContactData" finished-at="2025-08-28T22:15:05 IST" duration-ms="6648" status="FAIL">
          <params>
            <param index="0">
              <value>
                <![CDATA[Test QA]]>
              </value>
            </param>
            <param index="1">
              <value>
                <![CDATA[Test.qa@example.com]]>
              </value>
            </param>
            <param index="2">
              <value>
                <![CDATA[flentas]]>
              </value>
            </param>
            <param index="3">
              <value>
                <![CDATA[9876543210]]>
              </value>
            </param>
            <param index="4">
              <value>
                <![CDATA[This is a test message generated by automation script.]]>
              </value>
            </param>
          </params>
          <exception class="org.openqa.selenium.TimeoutException">
            <message>
              <![CDATA[Expected condition failed: waiting for element to be clickable: [[ChromeDriver: chrome on windows (15344bf7a38d3dbe175df0b94428bf3c)] -> id: submitForm2] (tried for 5 second(s) with 500 milliseconds interval)
Build info: version: '4.35.0', revision: '1c58e5028b'
System info: os.name: 'Windows 11', os.arch: 'amd64', os.version: '10.0', java.version: '22.0.2'
Driver info: org.openqa.selenium.chrome.ChromeDriver
Capabilities {acceptInsecureCerts: false, browserName: chrome, browserVersion: 139.0.7258.139, chrome: {chromedriverVersion: 139.0.7258.154 (9e0d6b2b47f..., userDataDir: C:\Users\Admin\AppData\Loca...}, fedcm:accounts: true, goog:chromeOptions: {debuggerAddress: localhost:49928}, networkConnectionEnabled: false, pageLoadStrategy: normal, platformName: windows, proxy: Proxy(), se:cdp: ws://localhost:49928/devtoo..., se:cdpVersion: 139.0.7258.139, setWindowRect: true, strictFileInteractability: false, timeouts: {implicit: 0, pageLoad: 300000, script: 30000}, unhandledPromptBehavior: dismiss and notify, webauthn:extension:credBlob: true, webauthn:extension:largeBlob: true, webauthn:extension:minPinLength: true, webauthn:extension:prf: true, webauthn:virtualAuthenticators: true}
Session ID: 15344bf7a38d3dbe175df0b94428bf3c]]>
            </message>
            <full-stacktrace>
              <![CDATA[org.openqa.selenium.TimeoutException: Expected condition failed: waiting for element to be clickable: [[ChromeDriver: chrome on windows (15344bf7a38d3dbe175df0b94428bf3c)] -> id: submitForm2] (tried for 5 second(s) with 500 milliseconds interval)
Build info: version: '4.35.0', revision: '1c58e5028b'
System info: os.name: 'Windows 11', os.arch: 'amd64', os.version: '10.0', java.version: '22.0.2'
Driver info: org.openqa.selenium.chrome.ChromeDriver
Capabilities {acceptInsecureCerts: false, browserName: chrome, browserVersion: 139.0.7258.139, chrome: {chromedriverVersion: 139.0.7258.154 (9e0d6b2b47f..., userDataDir: C:\Users\Admin\AppData\Loca...}, fedcm:accounts: true, goog:chromeOptions: {debuggerAddress: localhost:49928}, networkConnectionEnabled: false, pageLoadStrategy: normal, platformName: windows, proxy: Proxy(), se:cdp: ws://localhost:49928/devtoo..., se:cdpVersion: 139.0.7258.139, setWindowRect: true, strictFileInteractability: false, timeouts: {implicit: 0, pageLoad: 300000, script: 30000}, unhandledPromptBehavior: dismiss and notify, webauthn:extension:credBlob: true, webauthn:extension:largeBlob: true, webauthn:extension:minPinLength: true, webauthn:extension:prf: true, webauthn:virtualAuthenticators: true}
Session ID: 15344bf7a38d3dbe175df0b94428bf3c
at org.openqa.selenium.support.ui.WebDriverWait.timeoutException(WebDriverWait.java:84)
at org.openqa.selenium.support.ui.FluentWait.until(FluentWait.java:228)
at com.flentas.tests.ContactFormTest.testPositiveFormSubmission(ContactFormTest.java:38)
at java.base/jdk.internal.reflect.DirectMethodHandleAccessor.invoke(DirectMethodHandleAccessor.java:103)
at java.base/java.lang.reflect.Method.invoke(Method.java:580)
at org.testng.internal.invokers.MethodInvocationHelper.invokeMethod(MethodInvocationHelper.java:141)
at org.testng.internal.invokers.TestInvoker.invokeMethod(TestInvoker.java:687)
at org.testng.internal.invokers.TestInvoker.invokeTestMethod(TestInvoker.java:230)
at org.testng.internal.invokers.MethodRunner.runInSequence(MethodRunner.java:63)
at org.testng.internal.invokers.TestInvoker$MethodInvocationAgent.invoke(TestInvoker.java:995)
at org.testng.internal.invokers.TestInvoker.invokeTestMethods(TestInvoker.java:203)
at org.testng.internal.invokers.TestMethodWorker.invokeTestMethods(TestMethodWorker.java:154)
at org.testng.internal.invokers.TestMethodWorker.run(TestMethodWorker.java:134)
at java.base/java.util.ArrayList.forEach(ArrayList.java:1597)
at org.testng.TestRunner.privateRun(TestRunner.java:741)
at org.testng.TestRunner.run(TestRunner.java:616)
at org.testng.SuiteRunner.runTest(SuiteRunner.java:421)
at org.testng.SuiteRunner.runSequentially(SuiteRunner.java:413)
at org.testng.SuiteRunner.privateRun(SuiteRunner.java:373)
at org.testng.SuiteRunner.run(SuiteRunner.java:312)
at org.testng.SuiteRunnerWorker.runSuite(SuiteRunnerWorker.java:52)
at org.testng.SuiteRunnerWorker.run(SuiteRunnerWorker.java:95)
at org.testng.TestNG.runSuitesSequentially(TestNG.java:1274)
at org.testng.TestNG.runSuitesLocally(TestNG.java:1208)
at org.testng.TestNG.runSuites(TestNG.java:1112)
at org.testng.TestNG.run(TestNG.java:1079)
at org.testng.remote.AbstractRemoteTestNG.run(AbstractRemoteTestNG.java:115)
at org.testng.remote.RemoteTestNG.initAndRun(RemoteTestNG.java:293)
at org.testng.remote.RemoteTestNG.main(RemoteTestNG.java:91)
]]>
            </full-stacktrace>
          </exception> <!-- org.openqa.selenium.TimeoutException -->
          <reporter-output>
          </reporter-output>
        </test-method> <!-- testPositiveFormSubmission -->
        <test-method signature="testPositiveFormSubmission(java.lang.String,java.lang.String,java.lang.String,java.lang.String,java.lang.String)[pri:5, instance:com.flentas.tests.ContactFormTest@37c7595]" started-at="2025-08-28T22:15:05 IST" name="testPositiveFormSubmission" data-provider="positiveContactData" finished-at="2025-08-28T22:15:12 IST" duration-ms="6610" status="FAIL">
          <params>
            <param index="0">
              <value>
                <![CDATA[John Doe]]>
              </value>
            </param>
            <param index="1">
              <value>
                <![CDATA[john.doe@example.com]]>
              </value>
            </param>
            <param index="2">
              <value>
                <![CDATA[flentas]]>
              </value>
            </param>
            <param index="3">
              <value>
                <![CDATA[1234567890]]>
              </value>
            </param>
            <param index="4">
              <value>
                <![CDATA[Please contact me regarding services. This is a test message generated by automation script.]]>
              </value>
            </param>
          </params>
          <exception class="org.openqa.selenium.TimeoutException">
            <message>
              <![CDATA[Expected condition failed: waiting for element to be clickable: [[ChromeDriver: chrome on windows (15344bf7a38d3dbe175df0b94428bf3c)] -> id: submitForm2] (tried for 5 second(s) with 500 milliseconds interval)
Build info: version: '4.35.0', revision: '1c58e5028b'
System info: os.name: 'Windows 11', os.arch: 'amd64', os.version: '10.0', java.version: '22.0.2'
Driver info: org.openqa.selenium.chrome.ChromeDriver
Capabilities {acceptInsecureCerts: false, browserName: chrome, browserVersion: 139.0.7258.139, chrome: {chromedriverVersion: 139.0.7258.154 (9e0d6b2b47f..., userDataDir: C:\Users\Admin\AppData\Loca...}, fedcm:accounts: true, goog:chromeOptions: {debuggerAddress: localhost:49928}, networkConnectionEnabled: false, pageLoadStrategy: normal, platformName: windows, proxy: Proxy(), se:cdp: ws://localhost:49928/devtoo..., se:cdpVersion: 139.0.7258.139, setWindowRect: true, strictFileInteractability: false, timeouts: {implicit: 0, pageLoad: 300000, script: 30000}, unhandledPromptBehavior: dismiss and notify, webauthn:extension:credBlob: true, webauthn:extension:largeBlob: true, webauthn:extension:minPinLength: true, webauthn:extension:prf: true, webauthn:virtualAuthenticators: true}
Session ID: 15344bf7a38d3dbe175df0b94428bf3c]]>
            </message>
            <full-stacktrace>
              <![CDATA[org.openqa.selenium.TimeoutException: Expected condition failed: waiting for element to be clickable: [[ChromeDriver: chrome on windows (15344bf7a38d3dbe175df0b94428bf3c)] -> id: submitForm2] (tried for 5 second(s) with 500 milliseconds interval)
Build info: version: '4.35.0', revision: '1c58e5028b'
System info: os.name: 'Windows 11', os.arch: 'amd64', os.version: '10.0', java.version: '22.0.2'
Driver info: org.openqa.selenium.chrome.ChromeDriver
Capabilities {acceptInsecureCerts: false, browserName: chrome, browserVersion: 139.0.7258.139, chrome: {chromedriverVersion: 139.0.7258.154 (9e0d6b2b47f..., userDataDir: C:\Users\Admin\AppData\Loca...}, fedcm:accounts: true, goog:chromeOptions: {debuggerAddress: localhost:49928}, networkConnectionEnabled: false, pageLoadStrategy: normal, platformName: windows, proxy: Proxy(), se:cdp: ws://localhost:49928/devtoo..., se:cdpVersion: 139.0.7258.139, setWindowRect: true, strictFileInteractability: false, timeouts: {implicit: 0, pageLoad: 300000, script: 30000}, unhandledPromptBehavior: dismiss and notify, webauthn:extension:credBlob: true, webauthn:extension:largeBlob: true, webauthn:extension:minPinLength: true, webauthn:extension:prf: true, webauthn:virtualAuthenticators: true}
Session ID: 15344bf7a38d3dbe175df0b94428bf3c
at org.openqa.selenium.support.ui.WebDriverWait.timeoutException(WebDriverWait.java:84)
at org.openqa.selenium.support.ui.FluentWait.until(FluentWait.java:228)
at com.flentas.tests.ContactFormTest.testPositiveFormSubmission(ContactFormTest.java:38)
at java.base/jdk.internal.reflect.DirectMethodHandleAccessor.invoke(DirectMethodHandleAccessor.java:103)
at java.base/java.lang.reflect.Method.invoke(Method.java:580)
at org.testng.internal.invokers.MethodInvocationHelper.invokeMethod(MethodInvocationHelper.java:141)
at org.testng.internal.invokers.TestInvoker.invokeMethod(TestInvoker.java:687)
at org.testng.internal.invokers.TestInvoker.invokeTestMethod(TestInvoker.java:230)
at org.testng.internal.invokers.MethodRunner.runInSequence(MethodRunner.java:63)
at org.testng.internal.invokers.TestInvoker$MethodInvocationAgent.invoke(TestInvoker.java:995)
at org.testng.internal.invokers.TestInvoker.invokeTestMethods(TestInvoker.java:203)
at org.testng.internal.invokers.TestMethodWorker.invokeTestMethods(TestMethodWorker.java:154)
at org.testng.internal.invokers.TestMethodWorker.run(TestMethodWorker.java:134)
at java.base/java.util.ArrayList.forEach(ArrayList.java:1597)
at org.testng.TestRunner.privateRun(TestRunner.java:741)
at org.testng.TestRunner.run(TestRunner.java:616)
at org.testng.SuiteRunner.runTest(SuiteRunner.java:421)
at org.testng.SuiteRunner.runSequentially(SuiteRunner.java:413)
at org.testng.SuiteRunner.privateRun(SuiteRunner.java:373)
at org.testng.SuiteRunner.run(SuiteRunner.java:312)
at org.testng.SuiteRunnerWorker.runSuite(SuiteRunnerWorker.java:52)
at org.testng.SuiteRunnerWorker.run(SuiteRunnerWorker.java:95)
at org.testng.TestNG.runSuitesSequentially(TestNG.java:1274)
at org.testng.TestNG.runSuitesLocally(TestNG.java:1208)
at org.testng.TestNG.runSuites(TestNG.java:1112)
at org.testng.TestNG.run(TestNG.java:1079)
at org.testng.remote.AbstractRemoteTestNG.run(AbstractRemoteTestNG.java:115)
at org.testng.remote.RemoteTestNG.initAndRun(RemoteTestNG.java:293)
at org.testng.remote.RemoteTestNG.main(RemoteTestNG.java:91)
]]>
            </full-stacktrace>
          </exception> <!-- org.openqa.selenium.TimeoutException -->
          <reporter-output>
          </reporter-output>
        </test-method> <!-- testPositiveFormSubmission -->
        <test-method is-config="true" signature="tearDown()[pri:0, instance:com.flentas.tests.ContactFormTest@37c7595]" started-at="2025-08-28T22:15:12 IST" name="tearDown" finished-at="2025-08-28T22:15:12 IST" duration-ms="312" status="PASS">
          <reporter-output>
          </reporter-output>
        </test-method> <!-- tearDown -->
      </class> <!-- com.flentas.tests.ContactFormTest -->
    </test> <!-- Contact Form Test -->
  </suite> <!-- Flentas Test Suite -->
</testng-results>
